<?xml version="1.0" encoding="UTF-8"?>
<testng-results ignored="0" total="2" passed="2" failed="0" skipped="0">
  <reporter-output>
    <line>
      <![CDATA[sucessfully browser is open......]]>
    </line>
    <line>
      <![CDATA[click register test case]]>
    </line>
    <line>
      <![CDATA[sucessfully registration page is open........]]>
    </line>
    <line>
      <![CDATA[enter gender testcase]]>
    </line>
    <line>
      <![CDATA[enter first name test case]]>
    </line>
    <line>
      <![CDATA[enetr last name test case]]>
    </line>
    <line>
      <![CDATA[enter email test case]]>
    </line>
    <line>
      <![CDATA[enter pass test case]]>
    </line>
    <line>
      <![CDATA[enter conform pass]]>
    </line>
    <line>
      <![CDATA[enter submit button]]>
    </line>
    <line>
      <![CDATA[sucessfully details entered.....&registration is completed]]>
    </line>
    <line>
      <![CDATA[login click]]>
    </line>
    <line>
      <![CDATA[sucessfully login page is opend........]]>
    </line>
    <line>
      <![CDATA[enetr email]]>
    </line>
    <line>
      <![CDATA[enetr pass]]>
    </line>
    <line>
      <![CDATA[enetr submit]]>
    </line>
    <line>
      <![CDATA[sucessfully navigates to HomePage]]>
    </line>
    <line>
      <![CDATA[click on the computers link]]>
    </line>
    <line>
      <![CDATA[click on the desktops]]>
    </line>
    <line>
      <![CDATA[click on the img]]>
    </line>
    <line>
      <![CDATA[select the add card]]>
    </line>
    <line>
      <![CDATA[click on the shopping link]]>
    </line>
    <line>
      <![CDATA[click on the check box]]>
    </line>
    <line>
      <![CDATA[click on the checkout]]>
    </line>
    <line>
      <![CDATA[shipping address......]]>
    </line>
    <line>
      <![CDATA[sucessfully completed shipping method...]]>
    </line>
    <line>
      <![CDATA[sucessfully completed payment method...]]>
    </line>
    <line>
      <![CDATA[payment information....]]>
    </line>
    <line>
      <![CDATA[sucessfully completed conformorder...]]>
    </line>
    <line>
      <![CDATA[Thank You....]]>
    </line>
    <line>
      <![CDATA[user is sucessfully logout....]]>
    </line>
  </reporter-output>
  <suite started-at="2020-04-11T17:22:55 IST" name="Suite" finished-at="2020-04-11T17:24:32 IST" duration-ms="96848">
    <groups>
    </groups>
    <test started-at="2020-04-11T17:22:55 IST" name="Test1" finished-at="2020-04-11T17:23:10 IST" duration-ms="15576">
      <class name="tcpackage.tcregister">
        <test-method is-config="true" signature="the_user_enter_the_details_and_click_register()[pri:0, instance:tcpackage.tcregister@16293aa2]" started-at="2020-04-11T17:22:55 IST" name="the_user_enter_the_details_and_click_register" finished-at="2020-04-11T17:23:07 IST" duration-ms="12628" status="PASS">
          <reporter-output>
            <line>
              <![CDATA[sucessfully browser is open......]]>
            </line>
            <line>
              <![CDATA[click register test case]]>
            </line>
            <line>
              <![CDATA[sucessfully registration page is open........]]>
            </line>
          </reporter-output>
        </test-method> <!-- the_user_enter_the_details_and_click_register -->
        <test-method signature="open_application_and_click_on_register_link()[pri:0, instance:tcpackage.tcregister@16293aa2]" started-at="2020-04-11T17:23:07 IST" name="open_application_and_click_on_register_link" finished-at="2020-04-11T17:23:09 IST" duration-ms="1414" status="PASS">
          <reporter-output>
            <line>
              <![CDATA[enter gender testcase]]>
            </line>
            <line>
              <![CDATA[enter first name test case]]>
            </line>
            <line>
              <![CDATA[enetr last name test case]]>
            </line>
            <line>
              <![CDATA[enter email test case]]>
            </line>
            <line>
              <![CDATA[enter pass test case]]>
            </line>
            <line>
              <![CDATA[enter conform pass]]>
            </line>
          </reporter-output>
        </test-method> <!-- open_application_and_click_on_register_link -->
        <test-method is-config="true" signature="the_system_stores_the_details_and_automatically_log_in_page()[pri:0, instance:tcpackage.tcregister@16293aa2]" started-at="2020-04-11T17:23:09 IST" name="the_system_stores_the_details_and_automatically_log_in_page" finished-at="2020-04-11T17:23:10 IST" duration-ms="1439" status="PASS">
          <reporter-output>
            <line>
              <![CDATA[enter submit button]]>
            </line>
            <line>
              <![CDATA[sucessfully details entered.....&registration is completed]]>
            </line>
          </reporter-output>
        </test-method> <!-- the_system_stores_the_details_and_automatically_log_in_page -->
      </class> <!-- tcpackage.tcregister -->
    </test> <!-- Test1 -->
    <test started-at="2020-04-11T17:23:10 IST" name="Test2" finished-at="2020-04-11T17:24:32 IST" duration-ms="81214">
      <class name="tcpackage.tclogin">
        <test-method is-config="true" signature="open_application_and_click_on_Login_link()[pri:0, instance:tcpackage.tclogin@4f83df68]" started-at="2020-04-11T17:23:10 IST" name="open_application_and_click_on_Login_link" finished-at="2020-04-11T17:23:22 IST" duration-ms="12011" status="PASS">
          <reporter-output>
            <line>
              <![CDATA[login click]]>
            </line>
            <line>
              <![CDATA[sucessfully login page is opend........]]>
            </line>
          </reporter-output>
        </test-method> <!-- open_application_and_click_on_Login_link -->
        <test-method signature="the_user_enters_the_valid_username_and_valid_password_and_click_submit()[pri:0, instance:tcpackage.tclogin@4f83df68]" started-at="2020-04-11T17:23:22 IST" name="the_user_enters_the_valid_username_and_valid_password_and_click_submit" finished-at="2020-04-11T17:23:25 IST" duration-ms="2250" status="PASS">
          <reporter-output>
            <line>
              <![CDATA[enetr email]]>
            </line>
            <line>
              <![CDATA[enetr pass]]>
            </line>
            <line>
              <![CDATA[enetr submit]]>
            </line>
            <line>
              <![CDATA[sucessfully navigates to HomePage]]>
            </line>
          </reporter-output>
        </test-method> <!-- the_user_enters_the_valid_username_and_valid_password_and_click_submit -->
        <test-method is-config="true" signature="the_system_naviagates_to_HOME_page()[pri:0, instance:tcpackage.tclogin@4f83df68]" started-at="2020-04-11T17:23:25 IST" name="the_system_naviagates_to_HOME_page" finished-at="2020-04-11T17:24:32 IST" duration-ms="66947" status="PASS">
          <reporter-output>
            <line>
              <![CDATA[click on the computers link]]>
            </line>
            <line>
              <![CDATA[click on the desktops]]>
            </line>
            <line>
              <![CDATA[click on the img]]>
            </line>
            <line>
              <![CDATA[select the add card]]>
            </line>
            <line>
              <![CDATA[click on the shopping link]]>
            </line>
            <line>
              <![CDATA[click on the check box]]>
            </line>
            <line>
              <![CDATA[click on the checkout]]>
            </line>
            <line>
              <![CDATA[shipping address......]]>
            </line>
            <line>
              <![CDATA[sucessfully completed shipping method...]]>
            </line>
            <line>
              <![CDATA[sucessfully completed payment method...]]>
            </line>
            <line>
              <![CDATA[payment information....]]>
            </line>
            <line>
              <![CDATA[sucessfully completed conformorder...]]>
            </line>
            <line>
              <![CDATA[Thank You....]]>
            </line>
            <line>
              <![CDATA[user is sucessfully logout....]]>
            </line>
          </reporter-output>
        </test-method> <!-- the_system_naviagates_to_HOME_page -->
      </class> <!-- tcpackage.tclogin -->
    </test> <!-- Test2 -->
  </suite> <!-- Suite -->
</testng-results>
